2020-06-25 21:50:47.942 [org.springframework.kafka.KafkaListenerEndpointContainer#0-0-C-1] ERROR org.springframework.kafka.listener.BatchLoggingErrorHandler - Error while processing:
ConsumerRecord(topic = test1, partition = 0, offset = 0, CreateTime = 1593183976581, checksum = 3812442928, serialized key size = -1, serialized value size = 10, key = null, value = huiihuihui)
org.springframework.kafka.listener.ListenerExecutionFailedException: Listener method 'private void dyb.kafka.tool.kafka.listener.KafkaConsumerListenerDefault.listener(java.util.List<org.apache.kafka.clients.consumer.ConsumerRecord<java.lang.String, java.lang.String>>)' threw exception; nested exception is org.springframework.beans.factory.NoSuchBeanDefinitionException: No bean named 'abstractDataProcess' available
	at org.springframework.kafka.listener.adapter.MessagingMessageListenerAdapter.invokeHandler(MessagingMessageListenerAdapter.java:188)
	at org.springframework.kafka.listener.adapter.BatchMessagingMessageListenerAdapter.onMessage(BatchMessagingMessageListenerAdapter.java:118)
	at org.springframework.kafka.listener.adapter.BatchMessagingMessageListenerAdapter.onMessage(BatchMessagingMessageListenerAdapter.java:56)
	at org.springframework.kafka.listener.KafkaMessageListenerContainer$ListenerConsumer.invokeBatchListener(KafkaMessageListenerContainer.java:751)
	at org.springframework.kafka.listener.KafkaMessageListenerContainer$ListenerConsumer.invokeListener(KafkaMessageListenerContainer.java:735)
	at org.springframework.kafka.listener.KafkaMessageListenerContainer$ListenerConsumer.run(KafkaMessageListenerContainer.java:570)
	at java.util.concurrent.Executors$RunnableAdapter.call(Executors.java:511)
	at java.util.concurrent.FutureTask.run(FutureTask.java:266)
	at java.lang.Thread.run(Thread.java:748)
Caused by: org.springframework.beans.factory.NoSuchBeanDefinitionException: No bean named 'abstractDataProcess' available
	at org.springframework.beans.factory.support.DefaultListableBeanFactory.getBeanDefinition(DefaultListableBeanFactory.java:687)
	at org.springframework.beans.factory.support.AbstractBeanFactory.getMergedLocalBeanDefinition(AbstractBeanFactory.java:1207)
	at org.springframework.beans.factory.support.AbstractBeanFactory.doGetBean(AbstractBeanFactory.java:284)
	at org.springframework.beans.factory.support.AbstractBeanFactory.getBean(AbstractBeanFactory.java:197)
	at org.springframework.context.support.AbstractApplicationContext.getBean(AbstractApplicationContext.java:1078)
	at dyb.kafka.tool.util.SpringBeanUtil.getBeanByName(SpringBeanUtil.java:25)
	at dyb.kafka.tool.kafka.listener.KafkaConsumerListener.initProcess(KafkaConsumerListener.java:22)
	at dyb.kafka.tool.kafka.listener.KafkaConsumerListener.dataDeal(KafkaConsumerListener.java:35)
	at dyb.kafka.tool.kafka.listener.KafkaConsumerListenerDefault.listener(KafkaConsumerListenerDefault.java:19)
	at sun.reflect.NativeMethodAccessorImpl.invoke0(Native Method)
	at sun.reflect.NativeMethodAccessorImpl.invoke(NativeMethodAccessorImpl.java:62)
	at sun.reflect.DelegatingMethodAccessorImpl.invoke(DelegatingMethodAccessorImpl.java:43)
	at java.lang.reflect.Method.invoke(Method.java:498)
	at org.springframework.messaging.handler.invocation.InvocableHandlerMethod.doInvoke(InvocableHandlerMethod.java:180)
	at org.springframework.messaging.handler.invocation.InvocableHandlerMethod.invoke(InvocableHandlerMethod.java:112)
	at org.springframework.kafka.listener.adapter.HandlerAdapter.invoke(HandlerAdapter.java:48)
	at org.springframework.kafka.listener.adapter.MessagingMessageListenerAdapter.invokeHandler(MessagingMessageListenerAdapter.java:174)
	... 8 common frames omitted
2020-06-25 21:55:24.714 [org.springframework.kafka.KafkaListenerEndpointContainer#0-0-C-1] ERROR org.springframework.kafka.listener.BatchLoggingErrorHandler - Error while processing:
ConsumerRecord(topic = test1, partition = 0, offset = 1, CreateTime = 1593184253471, checksum = 4177598499, serialized key size = -1, serialized value size = 5, key = null, value = mikki)
org.springframework.kafka.listener.ListenerExecutionFailedException: Listener method 'private void dyb.kafka.tool.kafka.listener.KafkaConsumerListenerDefault.listener(java.util.List<org.apache.kafka.clients.consumer.ConsumerRecord<java.lang.String, java.lang.String>>)' threw exception; nested exception is org.springframework.beans.factory.NoSuchBeanDefinitionException: No bean named 'abstractDataProcess' available
	at org.springframework.kafka.listener.adapter.MessagingMessageListenerAdapter.invokeHandler(MessagingMessageListenerAdapter.java:188)
	at org.springframework.kafka.listener.adapter.BatchMessagingMessageListenerAdapter.onMessage(BatchMessagingMessageListenerAdapter.java:118)
	at org.springframework.kafka.listener.adapter.BatchMessagingMessageListenerAdapter.onMessage(BatchMessagingMessageListenerAdapter.java:56)
	at org.springframework.kafka.listener.KafkaMessageListenerContainer$ListenerConsumer.invokeBatchListener(KafkaMessageListenerContainer.java:751)
	at org.springframework.kafka.listener.KafkaMessageListenerContainer$ListenerConsumer.invokeListener(KafkaMessageListenerContainer.java:735)
	at org.springframework.kafka.listener.KafkaMessageListenerContainer$ListenerConsumer.run(KafkaMessageListenerContainer.java:570)
	at java.util.concurrent.Executors$RunnableAdapter.call(Executors.java:511)
	at java.util.concurrent.FutureTask.run(FutureTask.java:266)
	at java.lang.Thread.run(Thread.java:748)
Caused by: org.springframework.beans.factory.NoSuchBeanDefinitionException: No bean named 'abstractDataProcess' available
	at org.springframework.beans.factory.support.DefaultListableBeanFactory.getBeanDefinition(DefaultListableBeanFactory.java:687)
	at org.springframework.beans.factory.support.AbstractBeanFactory.getMergedLocalBeanDefinition(AbstractBeanFactory.java:1207)
	at org.springframework.beans.factory.support.AbstractBeanFactory.doGetBean(AbstractBeanFactory.java:284)
	at org.springframework.beans.factory.support.AbstractBeanFactory.getBean(AbstractBeanFactory.java:197)
	at org.springframework.context.support.AbstractApplicationContext.getBean(AbstractApplicationContext.java:1078)
	at dyb.kafka.tool.util.SpringBeanUtil.getBeanByName(SpringBeanUtil.java:28)
	at dyb.kafka.tool.kafka.listener.KafkaConsumerListener.initProcess(KafkaConsumerListener.java:22)
	at dyb.kafka.tool.kafka.listener.KafkaConsumerListener.dataDeal(KafkaConsumerListener.java:35)
	at dyb.kafka.tool.kafka.listener.KafkaConsumerListenerDefault.listener(KafkaConsumerListenerDefault.java:19)
	at sun.reflect.NativeMethodAccessorImpl.invoke0(Native Method)
	at sun.reflect.NativeMethodAccessorImpl.invoke(NativeMethodAccessorImpl.java:62)
	at sun.reflect.DelegatingMethodAccessorImpl.invoke(DelegatingMethodAccessorImpl.java:43)
	at java.lang.reflect.Method.invoke(Method.java:498)
	at org.springframework.messaging.handler.invocation.InvocableHandlerMethod.doInvoke(InvocableHandlerMethod.java:180)
	at org.springframework.messaging.handler.invocation.InvocableHandlerMethod.invoke(InvocableHandlerMethod.java:112)
	at org.springframework.kafka.listener.adapter.HandlerAdapter.invoke(HandlerAdapter.java:48)
	at org.springframework.kafka.listener.adapter.MessagingMessageListenerAdapter.invokeHandler(MessagingMessageListenerAdapter.java:174)
	... 8 common frames omitted
2020-06-25 21:56:04.182 [org.springframework.kafka.KafkaListenerEndpointContainer#0-0-C-1] ERROR org.springframework.kafka.listener.BatchLoggingErrorHandler - Error while processing:
ConsumerRecord(topic = test1, partition = 0, offset = 2, CreateTime = 1593184292929, checksum = 2132807461, serialized key size = -1, serialized value size = 4, key = null, value = kiki)
org.springframework.kafka.listener.ListenerExecutionFailedException: Listener method 'private void dyb.kafka.tool.kafka.listener.KafkaConsumerListenerDefault.listener(java.util.List<org.apache.kafka.clients.consumer.ConsumerRecord<java.lang.String, java.lang.String>>)' threw exception; nested exception is java.lang.ArrayIndexOutOfBoundsException: 0
	at org.springframework.kafka.listener.adapter.MessagingMessageListenerAdapter.invokeHandler(MessagingMessageListenerAdapter.java:188)
	at org.springframework.kafka.listener.adapter.BatchMessagingMessageListenerAdapter.onMessage(BatchMessagingMessageListenerAdapter.java:118)
	at org.springframework.kafka.listener.adapter.BatchMessagingMessageListenerAdapter.onMessage(BatchMessagingMessageListenerAdapter.java:56)
	at org.springframework.kafka.listener.KafkaMessageListenerContainer$ListenerConsumer.invokeBatchListener(KafkaMessageListenerContainer.java:751)
	at org.springframework.kafka.listener.KafkaMessageListenerContainer$ListenerConsumer.invokeListener(KafkaMessageListenerContainer.java:735)
	at org.springframework.kafka.listener.KafkaMessageListenerContainer$ListenerConsumer.run(KafkaMessageListenerContainer.java:570)
	at java.util.concurrent.Executors$RunnableAdapter.call(Executors.java:511)
	at java.util.concurrent.FutureTask.run(FutureTask.java:266)
	at java.lang.Thread.run(Thread.java:748)
Caused by: java.lang.ArrayIndexOutOfBoundsException: 0
	at dyb.kafka.tool.util.SpringBeanUtil.getBeanByName(SpringBeanUtil.java:27)
	at dyb.kafka.tool.kafka.listener.KafkaConsumerListener.initProcess(KafkaConsumerListener.java:22)
	at dyb.kafka.tool.kafka.listener.KafkaConsumerListener.dataDeal(KafkaConsumerListener.java:35)
	at dyb.kafka.tool.kafka.listener.KafkaConsumerListenerDefault.listener(KafkaConsumerListenerDefault.java:19)
	at sun.reflect.NativeMethodAccessorImpl.invoke0(Native Method)
	at sun.reflect.NativeMethodAccessorImpl.invoke(NativeMethodAccessorImpl.java:62)
	at sun.reflect.DelegatingMethodAccessorImpl.invoke(DelegatingMethodAccessorImpl.java:43)
	at java.lang.reflect.Method.invoke(Method.java:498)
	at org.springframework.messaging.handler.invocation.InvocableHandlerMethod.doInvoke(InvocableHandlerMethod.java:180)
	at org.springframework.messaging.handler.invocation.InvocableHandlerMethod.invoke(InvocableHandlerMethod.java:112)
	at org.springframework.kafka.listener.adapter.HandlerAdapter.invoke(HandlerAdapter.java:48)
	at org.springframework.kafka.listener.adapter.MessagingMessageListenerAdapter.invokeHandler(MessagingMessageListenerAdapter.java:174)
	... 8 common frames omitted
2020-06-25 21:58:16.528 [org.springframework.kafka.KafkaListenerEndpointContainer#0-0-C-1] ERROR org.springframework.kafka.listener.BatchLoggingErrorHandler - Error while processing:
ConsumerRecord(topic = test1, partition = 0, offset = 3, CreateTime = 1593184425284, checksum = 3200375298, serialized key size = -1, serialized value size = 7, key = null, value = ujhhjuj)
org.springframework.kafka.listener.ListenerExecutionFailedException: Listener method 'private void dyb.kafka.tool.kafka.listener.KafkaConsumerListenerDefault.listener(java.util.List<org.apache.kafka.clients.consumer.ConsumerRecord<java.lang.String, java.lang.String>>)' threw exception; nested exception is java.lang.ArrayIndexOutOfBoundsException: 0
	at org.springframework.kafka.listener.adapter.MessagingMessageListenerAdapter.invokeHandler(MessagingMessageListenerAdapter.java:188)
	at org.springframework.kafka.listener.adapter.BatchMessagingMessageListenerAdapter.onMessage(BatchMessagingMessageListenerAdapter.java:118)
	at org.springframework.kafka.listener.adapter.BatchMessagingMessageListenerAdapter.onMessage(BatchMessagingMessageListenerAdapter.java:56)
	at org.springframework.kafka.listener.KafkaMessageListenerContainer$ListenerConsumer.invokeBatchListener(KafkaMessageListenerContainer.java:751)
	at org.springframework.kafka.listener.KafkaMessageListenerContainer$ListenerConsumer.invokeListener(KafkaMessageListenerContainer.java:735)
	at org.springframework.kafka.listener.KafkaMessageListenerContainer$ListenerConsumer.run(KafkaMessageListenerContainer.java:570)
	at java.util.concurrent.Executors$RunnableAdapter.call(Executors.java:511)
	at java.util.concurrent.FutureTask.run(FutureTask.java:266)
	at java.lang.Thread.run(Thread.java:748)
Caused by: java.lang.ArrayIndexOutOfBoundsException: 0
	at dyb.kafka.tool.util.SpringBeanUtil.getBeanByName(SpringBeanUtil.java:27)
	at dyb.kafka.tool.kafka.listener.KafkaConsumerListener.initProcess(KafkaConsumerListener.java:22)
	at dyb.kafka.tool.kafka.listener.KafkaConsumerListener.dataDeal(KafkaConsumerListener.java:35)
	at dyb.kafka.tool.kafka.listener.KafkaConsumerListenerDefault.listener(KafkaConsumerListenerDefault.java:19)
	at sun.reflect.NativeMethodAccessorImpl.invoke0(Native Method)
	at sun.reflect.NativeMethodAccessorImpl.invoke(NativeMethodAccessorImpl.java:62)
	at sun.reflect.DelegatingMethodAccessorImpl.invoke(DelegatingMethodAccessorImpl.java:43)
	at java.lang.reflect.Method.invoke(Method.java:498)
	at org.springframework.messaging.handler.invocation.InvocableHandlerMethod.doInvoke(InvocableHandlerMethod.java:180)
	at org.springframework.messaging.handler.invocation.InvocableHandlerMethod.invoke(InvocableHandlerMethod.java:112)
	at org.springframework.kafka.listener.adapter.HandlerAdapter.invoke(HandlerAdapter.java:48)
	at org.springframework.kafka.listener.adapter.MessagingMessageListenerAdapter.invokeHandler(MessagingMessageListenerAdapter.java:174)
	... 8 common frames omitted
2020-06-25 21:59:17.504 [org.springframework.kafka.KafkaListenerEndpointContainer#0-0-C-1] ERROR org.springframework.kafka.listener.BatchLoggingErrorHandler - Error while processing:
ConsumerRecord(topic = test1, partition = 0, offset = 4, CreateTime = 1593184486266, checksum = 3823097898, serialized key size = -1, serialized value size = 5, key = null, value = jujmj)
org.springframework.kafka.listener.ListenerExecutionFailedException: Listener method 'private void dyb.kafka.tool.kafka.listener.KafkaConsumerListenerDefault.listener(java.util.List<org.apache.kafka.clients.consumer.ConsumerRecord<java.lang.String, java.lang.String>>)' threw exception; nested exception is org.springframework.beans.factory.NoSuchBeanDefinitionException: No bean named 'abstractDataProcess' available
	at org.springframework.kafka.listener.adapter.MessagingMessageListenerAdapter.invokeHandler(MessagingMessageListenerAdapter.java:188)
	at org.springframework.kafka.listener.adapter.BatchMessagingMessageListenerAdapter.onMessage(BatchMessagingMessageListenerAdapter.java:118)
	at org.springframework.kafka.listener.adapter.BatchMessagingMessageListenerAdapter.onMessage(BatchMessagingMessageListenerAdapter.java:56)
	at org.springframework.kafka.listener.KafkaMessageListenerContainer$ListenerConsumer.invokeBatchListener(KafkaMessageListenerContainer.java:751)
	at org.springframework.kafka.listener.KafkaMessageListenerContainer$ListenerConsumer.invokeListener(KafkaMessageListenerContainer.java:735)
	at org.springframework.kafka.listener.KafkaMessageListenerContainer$ListenerConsumer.run(KafkaMessageListenerContainer.java:570)
	at java.util.concurrent.Executors$RunnableAdapter.call(Executors.java:511)
	at java.util.concurrent.FutureTask.run(FutureTask.java:266)
	at java.lang.Thread.run(Thread.java:748)
Caused by: org.springframework.beans.factory.NoSuchBeanDefinitionException: No bean named 'abstractDataProcess' available
	at org.springframework.beans.factory.support.DefaultListableBeanFactory.getBeanDefinition(DefaultListableBeanFactory.java:687)
	at org.springframework.beans.factory.support.AbstractBeanFactory.getMergedLocalBeanDefinition(AbstractBeanFactory.java:1207)
	at org.springframework.beans.factory.support.AbstractBeanFactory.doGetBean(AbstractBeanFactory.java:284)
	at org.springframework.beans.factory.support.AbstractBeanFactory.getBean(AbstractBeanFactory.java:197)
	at org.springframework.context.support.AbstractApplicationContext.getBean(AbstractApplicationContext.java:1078)
	at dyb.kafka.tool.util.SpringBeanUtil.getBeanByName(SpringBeanUtil.java:28)
	at dyb.kafka.tool.kafka.listener.KafkaConsumerListener.initProcess(KafkaConsumerListener.java:22)
	at dyb.kafka.tool.kafka.listener.KafkaConsumerListener.dataDeal(KafkaConsumerListener.java:35)
	at dyb.kafka.tool.kafka.listener.KafkaConsumerListenerDefault.listener(KafkaConsumerListenerDefault.java:19)
	at sun.reflect.NativeMethodAccessorImpl.invoke0(Native Method)
	at sun.reflect.NativeMethodAccessorImpl.invoke(NativeMethodAccessorImpl.java:62)
	at sun.reflect.DelegatingMethodAccessorImpl.invoke(DelegatingMethodAccessorImpl.java:43)
	at java.lang.reflect.Method.invoke(Method.java:498)
	at org.springframework.messaging.handler.invocation.InvocableHandlerMethod.doInvoke(InvocableHandlerMethod.java:180)
	at org.springframework.messaging.handler.invocation.InvocableHandlerMethod.invoke(InvocableHandlerMethod.java:112)
	at org.springframework.kafka.listener.adapter.HandlerAdapter.invoke(HandlerAdapter.java:48)
	at org.springframework.kafka.listener.adapter.MessagingMessageListenerAdapter.invokeHandler(MessagingMessageListenerAdapter.java:174)
	... 8 common frames omitted
2020-06-25 22:02:11.051 [org.springframework.kafka.KafkaListenerEndpointContainer#0-0-C-1] ERROR org.springframework.kafka.listener.BatchLoggingErrorHandler - Error while processing:
ConsumerRecord(topic = test1, partition = 0, offset = 6, CreateTime = 1593184659813, checksum = 2386104057, serialized key size = -1, serialized value size = 4, key = null, value = mkmk)
org.springframework.kafka.listener.ListenerExecutionFailedException: Listener method 'private void dyb.kafka.tool.kafka.listener.KafkaConsumerListenerDefault.listener(java.util.List<org.apache.kafka.clients.consumer.ConsumerRecord<java.lang.String, java.lang.String>>)' threw exception; nested exception is org.springframework.beans.factory.NoSuchBeanDefinitionException: No bean named 'myProcessor' available
	at org.springframework.kafka.listener.adapter.MessagingMessageListenerAdapter.invokeHandler(MessagingMessageListenerAdapter.java:188)
	at org.springframework.kafka.listener.adapter.BatchMessagingMessageListenerAdapter.onMessage(BatchMessagingMessageListenerAdapter.java:118)
	at org.springframework.kafka.listener.adapter.BatchMessagingMessageListenerAdapter.onMessage(BatchMessagingMessageListenerAdapter.java:56)
	at org.springframework.kafka.listener.KafkaMessageListenerContainer$ListenerConsumer.invokeBatchListener(KafkaMessageListenerContainer.java:751)
	at org.springframework.kafka.listener.KafkaMessageListenerContainer$ListenerConsumer.invokeListener(KafkaMessageListenerContainer.java:735)
	at org.springframework.kafka.listener.KafkaMessageListenerContainer$ListenerConsumer.run(KafkaMessageListenerContainer.java:570)
	at java.util.concurrent.Executors$RunnableAdapter.call(Executors.java:511)
	at java.util.concurrent.FutureTask.run(FutureTask.java:266)
	at java.lang.Thread.run(Thread.java:748)
Caused by: org.springframework.beans.factory.NoSuchBeanDefinitionException: No bean named 'myProcessor' available
	at org.springframework.beans.factory.support.DefaultListableBeanFactory.getBeanDefinition(DefaultListableBeanFactory.java:687)
	at org.springframework.beans.factory.support.AbstractBeanFactory.getMergedLocalBeanDefinition(AbstractBeanFactory.java:1207)
	at org.springframework.beans.factory.support.AbstractBeanFactory.doGetBean(AbstractBeanFactory.java:284)
	at org.springframework.beans.factory.support.AbstractBeanFactory.getBean(AbstractBeanFactory.java:197)
	at org.springframework.context.support.AbstractApplicationContext.getBean(AbstractApplicationContext.java:1078)
	at dyb.kafka.tool.util.SpringBeanUtil.getBeanByName(SpringBeanUtil.java:27)
	at dyb.kafka.tool.kafka.listener.KafkaConsumerListener.initProcess(KafkaConsumerListener.java:24)
	at dyb.kafka.tool.kafka.listener.KafkaConsumerListener.dataDeal(KafkaConsumerListener.java:35)
	at dyb.kafka.tool.kafka.listener.KafkaConsumerListenerDefault.listener(KafkaConsumerListenerDefault.java:19)
	at sun.reflect.NativeMethodAccessorImpl.invoke0(Native Method)
	at sun.reflect.NativeMethodAccessorImpl.invoke(NativeMethodAccessorImpl.java:62)
	at sun.reflect.DelegatingMethodAccessorImpl.invoke(DelegatingMethodAccessorImpl.java:43)
	at java.lang.reflect.Method.invoke(Method.java:498)
	at org.springframework.messaging.handler.invocation.InvocableHandlerMethod.doInvoke(InvocableHandlerMethod.java:180)
	at org.springframework.messaging.handler.invocation.InvocableHandlerMethod.invoke(InvocableHandlerMethod.java:112)
	at org.springframework.kafka.listener.adapter.HandlerAdapter.invoke(HandlerAdapter.java:48)
	at org.springframework.kafka.listener.adapter.MessagingMessageListenerAdapter.invokeHandler(MessagingMessageListenerAdapter.java:174)
	... 8 common frames omitted
