2020-06-25 21:50:31.821 [org.springframework.kafka.KafkaListenerEndpointContainer#0-4-C-1] WARN  org.apache.kafka.clients.NetworkClient - Error while fetching metadata with correlation id 1 : {test1=INVALID_REPLICATION_FACTOR}
2020-06-25 21:50:31.822 [org.springframework.kafka.KafkaListenerEndpointContainer#0-5-C-1] WARN  org.apache.kafka.clients.NetworkClient - Error while fetching metadata with correlation id 1 : {test1=INVALID_REPLICATION_FACTOR}
2020-06-25 21:50:31.825 [org.springframework.kafka.KafkaListenerEndpointContainer#0-2-C-1] WARN  org.apache.kafka.clients.NetworkClient - Error while fetching metadata with correlation id 1 : {test1=INVALID_REPLICATION_FACTOR}
2020-06-25 21:50:31.825 [org.springframework.kafka.KafkaListenerEndpointContainer#0-1-C-1] WARN  org.apache.kafka.clients.NetworkClient - Error while fetching metadata with correlation id 1 : {test1=INVALID_REPLICATION_FACTOR}
2020-06-25 21:50:31.825 [org.springframework.kafka.KafkaListenerEndpointContainer#0-6-C-1] WARN  org.apache.kafka.clients.NetworkClient - Error while fetching metadata with correlation id 1 : {test1=INVALID_REPLICATION_FACTOR}
2020-06-25 21:50:31.827 [org.springframework.kafka.KafkaListenerEndpointContainer#0-0-C-1] WARN  org.apache.kafka.clients.NetworkClient - Error while fetching metadata with correlation id 1 : {test1=INVALID_REPLICATION_FACTOR}
2020-06-25 21:50:31.825 [org.springframework.kafka.KafkaListenerEndpointContainer#0-3-C-1] WARN  org.apache.kafka.clients.NetworkClient - Error while fetching metadata with correlation id 1 : {test1=INVALID_REPLICATION_FACTOR}
2020-06-25 21:50:31.891 [org.springframework.kafka.KafkaListenerEndpointContainer#0-5-C-1] WARN  org.apache.kafka.clients.NetworkClient - Error while fetching metadata with correlation id 2 : {test1=INVALID_REPLICATION_FACTOR}
2020-06-25 21:50:31.894 [org.springframework.kafka.KafkaListenerEndpointContainer#0-6-C-1] WARN  org.apache.kafka.clients.NetworkClient - Error while fetching metadata with correlation id 2 : {test1=INVALID_REPLICATION_FACTOR}
2020-06-25 21:50:31.895 [org.springframework.kafka.KafkaListenerEndpointContainer#0-2-C-1] WARN  org.apache.kafka.clients.NetworkClient - Error while fetching metadata with correlation id 2 : {test1=INVALID_REPLICATION_FACTOR}
2020-06-25 21:50:31.898 [org.springframework.kafka.KafkaListenerEndpointContainer#0-1-C-1] WARN  org.apache.kafka.clients.NetworkClient - Error while fetching metadata with correlation id 2 : {test1=INVALID_REPLICATION_FACTOR}
2020-06-25 21:50:31.898 [org.springframework.kafka.KafkaListenerEndpointContainer#0-4-C-1] WARN  org.apache.kafka.clients.NetworkClient - Error while fetching metadata with correlation id 2 : {test1=INVALID_REPLICATION_FACTOR}
2020-06-25 21:50:31.902 [org.springframework.kafka.KafkaListenerEndpointContainer#0-3-C-1] WARN  org.apache.kafka.clients.NetworkClient - Error while fetching metadata with correlation id 2 : {test1=INVALID_REPLICATION_FACTOR}
2020-06-25 21:50:31.904 [org.springframework.kafka.KafkaListenerEndpointContainer#0-7-C-1] WARN  org.apache.kafka.clients.NetworkClient - Error while fetching metadata with correlation id 1 : {test1=INVALID_REPLICATION_FACTOR}
2020-06-25 21:50:31.905 [org.springframework.kafka.KafkaListenerEndpointContainer#0-0-C-1] WARN  org.apache.kafka.clients.NetworkClient - Error while fetching metadata with correlation id 2 : {test1=INVALID_REPLICATION_FACTOR}
2020-06-25 21:50:31.906 [org.springframework.kafka.KafkaListenerEndpointContainer#0-8-C-1] WARN  org.apache.kafka.clients.NetworkClient - Error while fetching metadata with correlation id 1 : {test1=INVALID_REPLICATION_FACTOR}
2020-06-25 21:50:31.936 [org.springframework.kafka.KafkaListenerEndpointContainer#0-9-C-1] WARN  org.apache.kafka.clients.NetworkClient - Error while fetching metadata with correlation id 1 : {test1=INVALID_REPLICATION_FACTOR}
2020-06-25 21:50:32.001 [org.springframework.kafka.KafkaListenerEndpointContainer#0-5-C-1] WARN  org.apache.kafka.clients.NetworkClient - Error while fetching metadata with correlation id 3 : {test1=INVALID_REPLICATION_FACTOR}
2020-06-25 21:50:32.004 [org.springframework.kafka.KafkaListenerEndpointContainer#0-6-C-1] WARN  org.apache.kafka.clients.NetworkClient - Error while fetching metadata with correlation id 3 : {test1=INVALID_REPLICATION_FACTOR}
2020-06-25 21:50:32.015 [org.springframework.kafka.KafkaListenerEndpointContainer#0-4-C-1] WARN  org.apache.kafka.clients.NetworkClient - Error while fetching metadata with correlation id 3 : {test1=INVALID_REPLICATION_FACTOR}
2020-06-25 21:50:32.015 [org.springframework.kafka.KafkaListenerEndpointContainer#0-1-C-1] WARN  org.apache.kafka.clients.NetworkClient - Error while fetching metadata with correlation id 3 : {test1=INVALID_REPLICATION_FACTOR}
2020-06-25 21:50:32.015 [org.springframework.kafka.KafkaListenerEndpointContainer#0-2-C-1] WARN  org.apache.kafka.clients.NetworkClient - Error while fetching metadata with correlation id 3 : {test1=INVALID_REPLICATION_FACTOR}
2020-06-25 21:50:32.015 [org.springframework.kafka.KafkaListenerEndpointContainer#0-3-C-1] WARN  org.apache.kafka.clients.NetworkClient - Error while fetching metadata with correlation id 3 : {test1=INVALID_REPLICATION_FACTOR}
2020-06-25 21:50:32.020 [org.springframework.kafka.KafkaListenerEndpointContainer#0-8-C-1] WARN  org.apache.kafka.clients.NetworkClient - Error while fetching metadata with correlation id 2 : {test1=INVALID_REPLICATION_FACTOR}
2020-06-25 21:50:32.020 [org.springframework.kafka.KafkaListenerEndpointContainer#0-0-C-1] WARN  org.apache.kafka.clients.NetworkClient - Error while fetching metadata with correlation id 3 : {test1=INVALID_REPLICATION_FACTOR}
2020-06-25 21:50:32.020 [org.springframework.kafka.KafkaListenerEndpointContainer#0-7-C-1] WARN  org.apache.kafka.clients.NetworkClient - Error while fetching metadata with correlation id 2 : {test1=INVALID_REPLICATION_FACTOR}
2020-06-25 21:50:32.044 [org.springframework.kafka.KafkaListenerEndpointContainer#0-9-C-1] WARN  org.apache.kafka.clients.NetworkClient - Error while fetching metadata with correlation id 2 : {test1=INVALID_REPLICATION_FACTOR}
2020-06-25 21:50:32.111 [org.springframework.kafka.KafkaListenerEndpointContainer#0-5-C-1] WARN  org.apache.kafka.clients.NetworkClient - Error while fetching metadata with correlation id 4 : {test1=INVALID_REPLICATION_FACTOR}
2020-06-25 21:50:32.111 [org.springframework.kafka.KafkaListenerEndpointContainer#0-6-C-1] WARN  org.apache.kafka.clients.NetworkClient - Error while fetching metadata with correlation id 4 : {test1=INVALID_REPLICATION_FACTOR}
2020-06-25 21:50:32.123 [org.springframework.kafka.KafkaListenerEndpointContainer#0-2-C-1] WARN  org.apache.kafka.clients.NetworkClient - Error while fetching metadata with correlation id 4 : {test1=INVALID_REPLICATION_FACTOR}
2020-06-25 21:50:32.124 [org.springframework.kafka.KafkaListenerEndpointContainer#0-4-C-1] WARN  org.apache.kafka.clients.NetworkClient - Error while fetching metadata with correlation id 4 : {test1=INVALID_REPLICATION_FACTOR}
2020-06-25 21:50:32.125 [org.springframework.kafka.KafkaListenerEndpointContainer#0-1-C-1] WARN  org.apache.kafka.clients.NetworkClient - Error while fetching metadata with correlation id 4 : {test1=INVALID_REPLICATION_FACTOR}
2020-06-25 21:50:32.127 [org.springframework.kafka.KafkaListenerEndpointContainer#0-3-C-1] WARN  org.apache.kafka.clients.NetworkClient - Error while fetching metadata with correlation id 4 : {test1=INVALID_REPLICATION_FACTOR}
2020-06-25 21:50:32.128 [org.springframework.kafka.KafkaListenerEndpointContainer#0-7-C-1] WARN  org.apache.kafka.clients.NetworkClient - Error while fetching metadata with correlation id 3 : {test1=INVALID_REPLICATION_FACTOR}
2020-06-25 21:50:32.130 [org.springframework.kafka.KafkaListenerEndpointContainer#0-0-C-1] WARN  org.apache.kafka.clients.NetworkClient - Error while fetching metadata with correlation id 4 : {test1=INVALID_REPLICATION_FACTOR}
2020-06-25 21:50:32.130 [org.springframework.kafka.KafkaListenerEndpointContainer#0-8-C-1] WARN  org.apache.kafka.clients.NetworkClient - Error while fetching metadata with correlation id 3 : {test1=INVALID_REPLICATION_FACTOR}
2020-06-25 21:50:32.151 [org.springframework.kafka.KafkaListenerEndpointContainer#0-9-C-1] WARN  org.apache.kafka.clients.NetworkClient - Error while fetching metadata with correlation id 3 : {test1=INVALID_REPLICATION_FACTOR}
2020-06-25 21:50:32.218 [org.springframework.kafka.KafkaListenerEndpointContainer#0-5-C-1] WARN  org.apache.kafka.clients.NetworkClient - Error while fetching metadata with correlation id 5 : {test1=INVALID_REPLICATION_FACTOR}
2020-06-25 21:50:32.219 [org.springframework.kafka.KafkaListenerEndpointContainer#0-6-C-1] WARN  org.apache.kafka.clients.NetworkClient - Error while fetching metadata with correlation id 5 : {test1=INVALID_REPLICATION_FACTOR}
2020-06-25 21:50:32.227 [org.springframework.kafka.KafkaListenerEndpointContainer#0-2-C-1] WARN  org.apache.kafka.clients.NetworkClient - Error while fetching metadata with correlation id 5 : {test1=INVALID_REPLICATION_FACTOR}
2020-06-25 21:50:32.232 [org.springframework.kafka.KafkaListenerEndpointContainer#0-4-C-1] WARN  org.apache.kafka.clients.NetworkClient - Error while fetching metadata with correlation id 5 : {test1=INVALID_REPLICATION_FACTOR}
2020-06-25 21:50:32.238 [org.springframework.kafka.KafkaListenerEndpointContainer#0-1-C-1] WARN  org.apache.kafka.clients.NetworkClient - Error while fetching metadata with correlation id 5 : {test1=INVALID_REPLICATION_FACTOR}
2020-06-25 21:50:32.239 [org.springframework.kafka.KafkaListenerEndpointContainer#0-3-C-1] WARN  org.apache.kafka.clients.NetworkClient - Error while fetching metadata with correlation id 5 : {test1=INVALID_REPLICATION_FACTOR}
2020-06-25 21:50:32.240 [org.springframework.kafka.KafkaListenerEndpointContainer#0-8-C-1] WARN  org.apache.kafka.clients.NetworkClient - Error while fetching metadata with correlation id 4 : {test1=INVALID_REPLICATION_FACTOR}
2020-06-25 21:50:32.248 [org.springframework.kafka.KafkaListenerEndpointContainer#0-7-C-1] WARN  org.apache.kafka.clients.NetworkClient - Error while fetching metadata with correlation id 4 : {test1=INVALID_REPLICATION_FACTOR}
2020-06-25 21:50:32.250 [org.springframework.kafka.KafkaListenerEndpointContainer#0-0-C-1] WARN  org.apache.kafka.clients.NetworkClient - Error while fetching metadata with correlation id 5 : {test1=INVALID_REPLICATION_FACTOR}
2020-06-25 21:50:32.256 [org.springframework.kafka.KafkaListenerEndpointContainer#0-9-C-1] WARN  org.apache.kafka.clients.NetworkClient - Error while fetching metadata with correlation id 4 : {test1=INVALID_REPLICATION_FACTOR}
2020-06-25 21:50:32.323 [org.springframework.kafka.KafkaListenerEndpointContainer#0-5-C-1] WARN  org.apache.kafka.clients.NetworkClient - Error while fetching metadata with correlation id 6 : {test1=INVALID_REPLICATION_FACTOR}
2020-06-25 21:50:32.324 [org.springframework.kafka.KafkaListenerEndpointContainer#0-6-C-1] WARN  org.apache.kafka.clients.NetworkClient - Error while fetching metadata with correlation id 6 : {test1=INVALID_REPLICATION_FACTOR}
2020-06-25 21:50:32.331 [org.springframework.kafka.KafkaListenerEndpointContainer#0-2-C-1] WARN  org.apache.kafka.clients.NetworkClient - Error while fetching metadata with correlation id 6 : {test1=INVALID_REPLICATION_FACTOR}
2020-06-25 21:50:32.335 [org.springframework.kafka.KafkaListenerEndpointContainer#0-4-C-1] WARN  org.apache.kafka.clients.NetworkClient - Error while fetching metadata with correlation id 6 : {test1=INVALID_REPLICATION_FACTOR}
2020-06-25 21:50:32.344 [org.springframework.kafka.KafkaListenerEndpointContainer#0-1-C-1] WARN  org.apache.kafka.clients.NetworkClient - Error while fetching metadata with correlation id 6 : {test1=INVALID_REPLICATION_FACTOR}
2020-06-25 21:50:32.353 [org.springframework.kafka.KafkaListenerEndpointContainer#0-8-C-1] WARN  org.apache.kafka.clients.NetworkClient - Error while fetching metadata with correlation id 5 : {test1=INVALID_REPLICATION_FACTOR}
2020-06-25 21:50:32.353 [org.springframework.kafka.KafkaListenerEndpointContainer#0-3-C-1] WARN  org.apache.kafka.clients.NetworkClient - Error while fetching metadata with correlation id 6 : {test1=INVALID_REPLICATION_FACTOR}
2020-06-25 21:50:32.358 [org.springframework.kafka.KafkaListenerEndpointContainer#0-7-C-1] WARN  org.apache.kafka.clients.NetworkClient - Error while fetching metadata with correlation id 5 : {test1=INVALID_REPLICATION_FACTOR}
2020-06-25 21:50:32.358 [org.springframework.kafka.KafkaListenerEndpointContainer#0-0-C-1] WARN  org.apache.kafka.clients.NetworkClient - Error while fetching metadata with correlation id 6 : {test1=INVALID_REPLICATION_FACTOR}
2020-06-25 21:50:32.364 [org.springframework.kafka.KafkaListenerEndpointContainer#0-9-C-1] WARN  org.apache.kafka.clients.NetworkClient - Error while fetching metadata with correlation id 5 : {test1=INVALID_REPLICATION_FACTOR}
2020-06-25 21:50:32.445 [org.springframework.kafka.KafkaListenerEndpointContainer#0-5-C-1] WARN  org.apache.kafka.clients.NetworkClient - Error while fetching metadata with correlation id 7 : {test1=INVALID_REPLICATION_FACTOR}
2020-06-25 21:50:32.450 [org.springframework.kafka.KafkaListenerEndpointContainer#0-6-C-1] WARN  org.apache.kafka.clients.NetworkClient - Error while fetching metadata with correlation id 7 : {test1=INVALID_REPLICATION_FACTOR}
2020-06-25 21:50:32.454 [org.springframework.kafka.KafkaListenerEndpointContainer#0-2-C-1] WARN  org.apache.kafka.clients.NetworkClient - Error while fetching metadata with correlation id 7 : {test1=INVALID_REPLICATION_FACTOR}
2020-06-25 21:50:32.461 [org.springframework.kafka.KafkaListenerEndpointContainer#0-1-C-1] WARN  org.apache.kafka.clients.NetworkClient - Error while fetching metadata with correlation id 7 : {test1=INVALID_REPLICATION_FACTOR}
2020-06-25 21:50:32.462 [org.springframework.kafka.KafkaListenerEndpointContainer#0-4-C-1] WARN  org.apache.kafka.clients.NetworkClient - Error while fetching metadata with correlation id 7 : {test1=INVALID_REPLICATION_FACTOR}
2020-06-25 21:50:32.469 [org.springframework.kafka.KafkaListenerEndpointContainer#0-3-C-1] WARN  org.apache.kafka.clients.NetworkClient - Error while fetching metadata with correlation id 7 : {test1=INVALID_REPLICATION_FACTOR}
2020-06-25 21:50:32.469 [org.springframework.kafka.KafkaListenerEndpointContainer#0-8-C-1] WARN  org.apache.kafka.clients.NetworkClient - Error while fetching metadata with correlation id 6 : {test1=INVALID_REPLICATION_FACTOR}
2020-06-25 21:50:32.472 [org.springframework.kafka.KafkaListenerEndpointContainer#0-7-C-1] WARN  org.apache.kafka.clients.NetworkClient - Error while fetching metadata with correlation id 6 : {test1=INVALID_REPLICATION_FACTOR}
2020-06-25 21:50:32.472 [org.springframework.kafka.KafkaListenerEndpointContainer#0-0-C-1] WARN  org.apache.kafka.clients.NetworkClient - Error while fetching metadata with correlation id 7 : {test1=INVALID_REPLICATION_FACTOR}
2020-06-25 21:50:32.473 [org.springframework.kafka.KafkaListenerEndpointContainer#0-9-C-1] WARN  org.apache.kafka.clients.NetworkClient - Error while fetching metadata with correlation id 6 : {test1=INVALID_REPLICATION_FACTOR}
2020-06-25 21:50:32.554 [org.springframework.kafka.KafkaListenerEndpointContainer#0-5-C-1] WARN  org.apache.kafka.clients.NetworkClient - Error while fetching metadata with correlation id 8 : {test1=INVALID_REPLICATION_FACTOR}
2020-06-25 21:50:32.583 [org.springframework.kafka.KafkaListenerEndpointContainer#0-6-C-1] WARN  org.apache.kafka.clients.NetworkClient - Error while fetching metadata with correlation id 8 : {test1=INVALID_REPLICATION_FACTOR}
2020-06-25 21:50:32.604 [org.springframework.kafka.KafkaListenerEndpointContainer#0-1-C-1] WARN  org.apache.kafka.clients.NetworkClient - Error while fetching metadata with correlation id 8 : {test1=INVALID_REPLICATION_FACTOR}
2020-06-25 21:50:32.604 [org.springframework.kafka.KafkaListenerEndpointContainer#0-2-C-1] WARN  org.apache.kafka.clients.NetworkClient - Error while fetching metadata with correlation id 8 : {test1=INVALID_REPLICATION_FACTOR}
2020-06-25 21:50:32.605 [org.springframework.kafka.KafkaListenerEndpointContainer#0-4-C-1] WARN  org.apache.kafka.clients.NetworkClient - Error while fetching metadata with correlation id 8 : {test1=INVALID_REPLICATION_FACTOR}
2020-06-25 21:50:32.611 [org.springframework.kafka.KafkaListenerEndpointContainer#0-8-C-1] WARN  org.apache.kafka.clients.NetworkClient - Error while fetching metadata with correlation id 7 : {test1=INVALID_REPLICATION_FACTOR}
2020-06-25 21:50:32.611 [org.springframework.kafka.KafkaListenerEndpointContainer#0-0-C-1] WARN  org.apache.kafka.clients.NetworkClient - Error while fetching metadata with correlation id 8 : {test1=INVALID_REPLICATION_FACTOR}
2020-06-25 21:50:32.611 [org.springframework.kafka.KafkaListenerEndpointContainer#0-7-C-1] WARN  org.apache.kafka.clients.NetworkClient - Error while fetching metadata with correlation id 7 : {test1=INVALID_REPLICATION_FACTOR}
2020-06-25 21:50:32.614 [org.springframework.kafka.KafkaListenerEndpointContainer#0-3-C-1] WARN  org.apache.kafka.clients.NetworkClient - Error while fetching metadata with correlation id 8 : {test1=INVALID_REPLICATION_FACTOR}
2020-06-25 21:50:32.619 [org.springframework.kafka.KafkaListenerEndpointContainer#0-9-C-1] WARN  org.apache.kafka.clients.NetworkClient - Error while fetching metadata with correlation id 7 : {test1=INVALID_REPLICATION_FACTOR}
2020-06-25 21:50:32.709 [org.springframework.kafka.KafkaListenerEndpointContainer#0-5-C-1] WARN  org.apache.kafka.clients.NetworkClient - Error while fetching metadata with correlation id 9 : {test1=INVALID_REPLICATION_FACTOR}
2020-06-25 21:50:32.711 [org.springframework.kafka.KafkaListenerEndpointContainer#0-6-C-1] WARN  org.apache.kafka.clients.NetworkClient - Error while fetching metadata with correlation id 9 : {test1=INVALID_REPLICATION_FACTOR}
2020-06-25 21:50:32.717 [org.springframework.kafka.KafkaListenerEndpointContainer#0-4-C-1] WARN  org.apache.kafka.clients.NetworkClient - Error while fetching metadata with correlation id 9 : {test1=INVALID_REPLICATION_FACTOR}
2020-06-25 21:50:32.717 [org.springframework.kafka.KafkaListenerEndpointContainer#0-2-C-1] WARN  org.apache.kafka.clients.NetworkClient - Error while fetching metadata with correlation id 9 : {test1=INVALID_REPLICATION_FACTOR}
2020-06-25 21:50:32.725 [org.springframework.kafka.KafkaListenerEndpointContainer#0-1-C-1] WARN  org.apache.kafka.clients.NetworkClient - Error while fetching metadata with correlation id 9 : {test1=INVALID_REPLICATION_FACTOR}
2020-06-25 21:50:32.728 [org.springframework.kafka.KafkaListenerEndpointContainer#0-0-C-1] WARN  org.apache.kafka.clients.NetworkClient - Error while fetching metadata with correlation id 9 : {test1=INVALID_REPLICATION_FACTOR}
2020-06-25 21:50:32.728 [org.springframework.kafka.KafkaListenerEndpointContainer#0-3-C-1] WARN  org.apache.kafka.clients.NetworkClient - Error while fetching metadata with correlation id 9 : {test1=INVALID_REPLICATION_FACTOR}
2020-06-25 21:50:32.728 [org.springframework.kafka.KafkaListenerEndpointContainer#0-8-C-1] WARN  org.apache.kafka.clients.NetworkClient - Error while fetching metadata with correlation id 8 : {test1=INVALID_REPLICATION_FACTOR}
2020-06-25 21:50:32.729 [org.springframework.kafka.KafkaListenerEndpointContainer#0-7-C-1] WARN  org.apache.kafka.clients.NetworkClient - Error while fetching metadata with correlation id 8 : {test1=INVALID_REPLICATION_FACTOR}
2020-06-25 21:50:32.735 [org.springframework.kafka.KafkaListenerEndpointContainer#0-9-C-1] WARN  org.apache.kafka.clients.NetworkClient - Error while fetching metadata with correlation id 8 : {test1=INVALID_REPLICATION_FACTOR}
2020-06-25 21:50:32.832 [org.springframework.kafka.KafkaListenerEndpointContainer#0-6-C-1] WARN  org.apache.kafka.clients.NetworkClient - Error while fetching metadata with correlation id 10 : {test1=INVALID_REPLICATION_FACTOR}
2020-06-25 21:50:32.833 [org.springframework.kafka.KafkaListenerEndpointContainer#0-5-C-1] WARN  org.apache.kafka.clients.NetworkClient - Error while fetching metadata with correlation id 10 : {test1=INVALID_REPLICATION_FACTOR}
2020-06-25 21:50:32.833 [org.springframework.kafka.KafkaListenerEndpointContainer#0-4-C-1] WARN  org.apache.kafka.clients.NetworkClient - Error while fetching metadata with correlation id 10 : {test1=INVALID_REPLICATION_FACTOR}
2020-06-25 21:50:32.837 [org.springframework.kafka.KafkaListenerEndpointContainer#0-2-C-1] WARN  org.apache.kafka.clients.NetworkClient - Error while fetching metadata with correlation id 10 : {test1=INVALID_REPLICATION_FACTOR}
2020-06-25 21:50:32.840 [org.springframework.kafka.KafkaListenerEndpointContainer#0-1-C-1] WARN  org.apache.kafka.clients.NetworkClient - Error while fetching metadata with correlation id 10 : {test1=INVALID_REPLICATION_FACTOR}
2020-06-25 21:50:32.847 [org.springframework.kafka.KafkaListenerEndpointContainer#0-8-C-1] WARN  org.apache.kafka.clients.NetworkClient - Error while fetching metadata with correlation id 9 : {test1=INVALID_REPLICATION_FACTOR}
2020-06-25 21:50:32.848 [org.springframework.kafka.KafkaListenerEndpointContainer#0-0-C-1] WARN  org.apache.kafka.clients.NetworkClient - Error while fetching metadata with correlation id 10 : {test1=INVALID_REPLICATION_FACTOR}
2020-06-25 21:50:32.848 [org.springframework.kafka.KafkaListenerEndpointContainer#0-7-C-1] WARN  org.apache.kafka.clients.NetworkClient - Error while fetching metadata with correlation id 9 : {test1=INVALID_REPLICATION_FACTOR}
2020-06-25 21:50:32.850 [org.springframework.kafka.KafkaListenerEndpointContainer#0-3-C-1] WARN  org.apache.kafka.clients.NetworkClient - Error while fetching metadata with correlation id 10 : {test1=INVALID_REPLICATION_FACTOR}
2020-06-25 21:50:32.854 [org.springframework.kafka.KafkaListenerEndpointContainer#0-9-C-1] WARN  org.apache.kafka.clients.NetworkClient - Error while fetching metadata with correlation id 9 : {test1=INVALID_REPLICATION_FACTOR}
2020-06-25 21:50:33.085 [org.springframework.kafka.KafkaListenerEndpointContainer#0-4-C-1] WARN  org.apache.kafka.clients.NetworkClient - Error while fetching metadata with correlation id 11 : {test1=LEADER_NOT_AVAILABLE}
2020-06-25 21:50:33.094 [org.springframework.kafka.KafkaListenerEndpointContainer#0-8-C-1] WARN  org.apache.kafka.clients.NetworkClient - Error while fetching metadata with correlation id 10 : {test1=LEADER_NOT_AVAILABLE}
2020-06-25 21:50:33.095 [org.springframework.kafka.KafkaListenerEndpointContainer#0-1-C-1] WARN  org.apache.kafka.clients.NetworkClient - Error while fetching metadata with correlation id 11 : {test1=LEADER_NOT_AVAILABLE}
2020-06-25 21:50:33.095 [org.springframework.kafka.KafkaListenerEndpointContainer#0-2-C-1] WARN  org.apache.kafka.clients.NetworkClient - Error while fetching metadata with correlation id 11 : {test1=LEADER_NOT_AVAILABLE}
2020-06-25 21:50:33.096 [org.springframework.kafka.KafkaListenerEndpointContainer#0-7-C-1] WARN  org.apache.kafka.clients.NetworkClient - Error while fetching metadata with correlation id 10 : {test1=LEADER_NOT_AVAILABLE}
2020-06-25 21:50:33.096 [org.springframework.kafka.KafkaListenerEndpointContainer#0-0-C-1] WARN  org.apache.kafka.clients.NetworkClient - Error while fetching metadata with correlation id 11 : {test1=LEADER_NOT_AVAILABLE}
2020-06-25 21:50:33.097 [org.springframework.kafka.KafkaListenerEndpointContainer#0-5-C-1] WARN  org.apache.kafka.clients.NetworkClient - Error while fetching metadata with correlation id 11 : {test1=LEADER_NOT_AVAILABLE}
2020-06-25 21:50:33.102 [org.springframework.kafka.KafkaListenerEndpointContainer#0-6-C-1] WARN  org.apache.kafka.clients.NetworkClient - Error while fetching metadata with correlation id 11 : {test1=LEADER_NOT_AVAILABLE}
2020-06-25 21:50:33.110 [org.springframework.kafka.KafkaListenerEndpointContainer#0-3-C-1] WARN  org.apache.kafka.clients.NetworkClient - Error while fetching metadata with correlation id 11 : {test1=LEADER_NOT_AVAILABLE}
2020-06-25 21:50:33.114 [org.springframework.kafka.KafkaListenerEndpointContainer#0-9-C-1] WARN  org.apache.kafka.clients.NetworkClient - Error while fetching metadata with correlation id 10 : {test1=LEADER_NOT_AVAILABLE}
2020-06-25 21:50:33.328 [org.springframework.kafka.KafkaListenerEndpointContainer#0-4-C-1] WARN  org.apache.kafka.clients.NetworkClient - Error while fetching metadata with correlation id 12 : {test1=LEADER_NOT_AVAILABLE}
2020-06-25 21:50:33.331 [org.springframework.kafka.KafkaListenerEndpointContainer#0-1-C-1] WARN  org.apache.kafka.clients.NetworkClient - Error while fetching metadata with correlation id 12 : {test1=LEADER_NOT_AVAILABLE}
2020-06-25 21:50:33.333 [org.springframework.kafka.KafkaListenerEndpointContainer#0-8-C-1] WARN  org.apache.kafka.clients.NetworkClient - Error while fetching metadata with correlation id 11 : {test1=LEADER_NOT_AVAILABLE}
2020-06-25 21:50:33.335 [org.springframework.kafka.KafkaListenerEndpointContainer#0-2-C-1] WARN  org.apache.kafka.clients.NetworkClient - Error while fetching metadata with correlation id 12 : {test1=LEADER_NOT_AVAILABLE}
2020-06-25 21:50:33.335 [org.springframework.kafka.KafkaListenerEndpointContainer#0-0-C-1] WARN  org.apache.kafka.clients.NetworkClient - Error while fetching metadata with correlation id 12 : {test1=LEADER_NOT_AVAILABLE}
2020-06-25 21:50:33.338 [org.springframework.kafka.KafkaListenerEndpointContainer#0-6-C-1] WARN  org.apache.kafka.clients.NetworkClient - Error while fetching metadata with correlation id 12 : {test1=LEADER_NOT_AVAILABLE}
2020-06-25 21:50:33.338 [org.springframework.kafka.KafkaListenerEndpointContainer#0-5-C-1] WARN  org.apache.kafka.clients.NetworkClient - Error while fetching metadata with correlation id 12 : {test1=LEADER_NOT_AVAILABLE}
2020-06-25 21:50:33.339 [org.springframework.kafka.KafkaListenerEndpointContainer#0-7-C-1] WARN  org.apache.kafka.clients.NetworkClient - Error while fetching metadata with correlation id 11 : {test1=LEADER_NOT_AVAILABLE}
2020-06-25 21:50:33.354 [org.springframework.kafka.KafkaListenerEndpointContainer#0-3-C-1] WARN  org.apache.kafka.clients.NetworkClient - Error while fetching metadata with correlation id 12 : {test1=LEADER_NOT_AVAILABLE}
2020-06-25 21:50:33.363 [org.springframework.kafka.KafkaListenerEndpointContainer#0-9-C-1] WARN  org.apache.kafka.clients.NetworkClient - Error while fetching metadata with correlation id 11 : {test1=LEADER_NOT_AVAILABLE}
2020-06-25 21:50:33.449 [org.springframework.kafka.KafkaListenerEndpointContainer#0-4-C-1] WARN  org.apache.kafka.clients.NetworkClient - Error while fetching metadata with correlation id 13 : {test1=LEADER_NOT_AVAILABLE}
2020-06-25 21:50:33.453 [org.springframework.kafka.KafkaListenerEndpointContainer#0-8-C-1] WARN  org.apache.kafka.clients.NetworkClient - Error while fetching metadata with correlation id 12 : {test1=LEADER_NOT_AVAILABLE}
2020-06-25 21:50:33.456 [org.springframework.kafka.KafkaListenerEndpointContainer#0-0-C-1] WARN  org.apache.kafka.clients.NetworkClient - Error while fetching metadata with correlation id 13 : {test1=LEADER_NOT_AVAILABLE}
2020-06-25 21:50:33.458 [org.springframework.kafka.KafkaListenerEndpointContainer#0-1-C-1] WARN  org.apache.kafka.clients.NetworkClient - Error while fetching metadata with correlation id 13 : {test1=LEADER_NOT_AVAILABLE}
2020-06-25 21:50:33.460 [org.springframework.kafka.KafkaListenerEndpointContainer#0-2-C-1] WARN  org.apache.kafka.clients.NetworkClient - Error while fetching metadata with correlation id 13 : {test1=LEADER_NOT_AVAILABLE}
2020-06-25 21:50:33.464 [org.springframework.kafka.KafkaListenerEndpointContainer#0-6-C-1] WARN  org.apache.kafka.clients.NetworkClient - Error while fetching metadata with correlation id 13 : {test1=LEADER_NOT_AVAILABLE}
2020-06-25 21:50:33.464 [org.springframework.kafka.KafkaListenerEndpointContainer#0-7-C-1] WARN  org.apache.kafka.clients.NetworkClient - Error while fetching metadata with correlation id 12 : {test1=LEADER_NOT_AVAILABLE}
2020-06-25 21:50:33.464 [org.springframework.kafka.KafkaListenerEndpointContainer#0-5-C-1] WARN  org.apache.kafka.clients.NetworkClient - Error while fetching metadata with correlation id 13 : {test1=LEADER_NOT_AVAILABLE}
2020-06-25 21:50:33.468 [org.springframework.kafka.KafkaListenerEndpointContainer#0-3-C-1] WARN  org.apache.kafka.clients.NetworkClient - Error while fetching metadata with correlation id 13 : {test1=LEADER_NOT_AVAILABLE}
2020-06-25 21:50:33.472 [org.springframework.kafka.KafkaListenerEndpointContainer#0-9-C-1] WARN  org.apache.kafka.clients.NetworkClient - Error while fetching metadata with correlation id 12 : {test1=LEADER_NOT_AVAILABLE}
2020-06-25 21:50:33.565 [org.springframework.kafka.KafkaListenerEndpointContainer#0-4-C-1] WARN  org.apache.kafka.clients.NetworkClient - Error while fetching metadata with correlation id 14 : {test1=LEADER_NOT_AVAILABLE}
2020-06-25 21:50:33.568 [org.springframework.kafka.KafkaListenerEndpointContainer#0-8-C-1] WARN  org.apache.kafka.clients.NetworkClient - Error while fetching metadata with correlation id 13 : {test1=LEADER_NOT_AVAILABLE}
2020-06-25 21:50:33.572 [org.springframework.kafka.KafkaListenerEndpointContainer#0-0-C-1] WARN  org.apache.kafka.clients.NetworkClient - Error while fetching metadata with correlation id 14 : {test1=LEADER_NOT_AVAILABLE}
2020-06-25 21:50:33.575 [org.springframework.kafka.KafkaListenerEndpointContainer#0-1-C-1] WARN  org.apache.kafka.clients.NetworkClient - Error while fetching metadata with correlation id 14 : {test1=LEADER_NOT_AVAILABLE}
2020-06-25 21:50:33.575 [org.springframework.kafka.KafkaListenerEndpointContainer#0-2-C-1] WARN  org.apache.kafka.clients.NetworkClient - Error while fetching metadata with correlation id 14 : {test1=LEADER_NOT_AVAILABLE}
2020-06-25 21:50:33.579 [org.springframework.kafka.KafkaListenerEndpointContainer#0-7-C-1] WARN  org.apache.kafka.clients.NetworkClient - Error while fetching metadata with correlation id 13 : {test1=LEADER_NOT_AVAILABLE}
2020-06-25 21:50:33.583 [org.springframework.kafka.KafkaListenerEndpointContainer#0-5-C-1] WARN  org.apache.kafka.clients.NetworkClient - Error while fetching metadata with correlation id 14 : {test1=LEADER_NOT_AVAILABLE}
2020-06-25 21:50:33.584 [org.springframework.kafka.KafkaListenerEndpointContainer#0-6-C-1] WARN  org.apache.kafka.clients.NetworkClient - Error while fetching metadata with correlation id 14 : {test1=LEADER_NOT_AVAILABLE}
2020-06-25 21:50:33.587 [org.springframework.kafka.KafkaListenerEndpointContainer#0-3-C-1] WARN  org.apache.kafka.clients.NetworkClient - Error while fetching metadata with correlation id 14 : {test1=LEADER_NOT_AVAILABLE}
2020-06-25 21:50:33.590 [org.springframework.kafka.KafkaListenerEndpointContainer#0-9-C-1] WARN  org.apache.kafka.clients.NetworkClient - Error while fetching metadata with correlation id 13 : {test1=LEADER_NOT_AVAILABLE}
2020-06-25 21:50:33.686 [org.springframework.kafka.KafkaListenerEndpointContainer#0-8-C-1] WARN  org.apache.kafka.clients.NetworkClient - Error while fetching metadata with correlation id 14 : {test1=LEADER_NOT_AVAILABLE}
2020-06-25 21:50:33.686 [org.springframework.kafka.KafkaListenerEndpointContainer#0-4-C-1] WARN  org.apache.kafka.clients.NetworkClient - Error while fetching metadata with correlation id 15 : {test1=LEADER_NOT_AVAILABLE}
2020-06-25 21:50:33.690 [org.springframework.kafka.KafkaListenerEndpointContainer#0-0-C-1] WARN  org.apache.kafka.clients.NetworkClient - Error while fetching metadata with correlation id 15 : {test1=LEADER_NOT_AVAILABLE}
2020-06-25 21:50:33.697 [org.springframework.kafka.KafkaListenerEndpointContainer#0-2-C-1] WARN  org.apache.kafka.clients.NetworkClient - Error while fetching metadata with correlation id 15 : {test1=LEADER_NOT_AVAILABLE}
2020-06-25 21:50:33.700 [org.springframework.kafka.KafkaListenerEndpointContainer#0-7-C-1] WARN  org.apache.kafka.clients.NetworkClient - Error while fetching metadata with correlation id 14 : {test1=LEADER_NOT_AVAILABLE}
2020-06-25 21:50:33.700 [org.springframework.kafka.KafkaListenerEndpointContainer#0-1-C-1] WARN  org.apache.kafka.clients.NetworkClient - Error while fetching metadata with correlation id 15 : {test1=LEADER_NOT_AVAILABLE}
2020-06-25 21:50:33.715 [org.springframework.kafka.KafkaListenerEndpointContainer#0-6-C-1] WARN  org.apache.kafka.clients.NetworkClient - Error while fetching metadata with correlation id 15 : {test1=LEADER_NOT_AVAILABLE}
2020-06-25 21:50:33.715 [org.springframework.kafka.KafkaListenerEndpointContainer#0-3-C-1] WARN  org.apache.kafka.clients.NetworkClient - Error while fetching metadata with correlation id 15 : {test1=LEADER_NOT_AVAILABLE}
2020-06-25 21:50:33.717 [org.springframework.kafka.KafkaListenerEndpointContainer#0-5-C-1] WARN  org.apache.kafka.clients.NetworkClient - Error while fetching metadata with correlation id 15 : {test1=LEADER_NOT_AVAILABLE}
2020-06-25 21:50:33.718 [org.springframework.kafka.KafkaListenerEndpointContainer#0-9-C-1] WARN  org.apache.kafka.clients.NetworkClient - Error while fetching metadata with correlation id 14 : {test1=LEADER_NOT_AVAILABLE}
2020-06-25 21:50:33.879 [org.springframework.kafka.KafkaListenerEndpointContainer#0-4-C-1] WARN  org.apache.kafka.clients.NetworkClient - Error while fetching metadata with correlation id 16 : {test1=LEADER_NOT_AVAILABLE}
2020-06-25 21:50:33.881 [org.springframework.kafka.KafkaListenerEndpointContainer#0-8-C-1] WARN  org.apache.kafka.clients.NetworkClient - Error while fetching metadata with correlation id 15 : {test1=LEADER_NOT_AVAILABLE}
2020-06-25 21:50:33.894 [org.springframework.kafka.KafkaListenerEndpointContainer#0-2-C-1] WARN  org.apache.kafka.clients.NetworkClient - Error while fetching metadata with correlation id 16 : {test1=LEADER_NOT_AVAILABLE}
2020-06-25 21:50:33.894 [org.springframework.kafka.KafkaListenerEndpointContainer#0-3-C-1] WARN  org.apache.kafka.clients.NetworkClient - Error while fetching metadata with correlation id 16 : {test1=LEADER_NOT_AVAILABLE}
2020-06-25 21:50:33.895 [org.springframework.kafka.KafkaListenerEndpointContainer#0-1-C-1] WARN  org.apache.kafka.clients.NetworkClient - Error while fetching metadata with correlation id 16 : {test1=LEADER_NOT_AVAILABLE}
2020-06-25 21:50:33.895 [org.springframework.kafka.KafkaListenerEndpointContainer#0-7-C-1] WARN  org.apache.kafka.clients.NetworkClient - Error while fetching metadata with correlation id 15 : {test1=LEADER_NOT_AVAILABLE}
2020-06-25 21:50:33.894 [org.springframework.kafka.KafkaListenerEndpointContainer#0-0-C-1] WARN  org.apache.kafka.clients.NetworkClient - Error while fetching metadata with correlation id 16 : {test1=LEADER_NOT_AVAILABLE}
2020-06-25 21:50:33.894 [org.springframework.kafka.KafkaListenerEndpointContainer#0-6-C-1] WARN  org.apache.kafka.clients.NetworkClient - Error while fetching metadata with correlation id 16 : {test1=LEADER_NOT_AVAILABLE}
2020-06-25 21:50:33.903 [org.springframework.kafka.KafkaListenerEndpointContainer#0-5-C-1] WARN  org.apache.kafka.clients.NetworkClient - Error while fetching metadata with correlation id 16 : {test1=LEADER_NOT_AVAILABLE}
2020-06-25 21:50:33.904 [org.springframework.kafka.KafkaListenerEndpointContainer#0-9-C-1] WARN  org.apache.kafka.clients.NetworkClient - Error while fetching metadata with correlation id 15 : {test1=LEADER_NOT_AVAILABLE}
2020-06-25 21:50:47.942 [org.springframework.kafka.KafkaListenerEndpointContainer#0-0-C-1] ERROR org.springframework.kafka.listener.BatchLoggingErrorHandler - Error while processing:
ConsumerRecord(topic = test1, partition = 0, offset = 0, CreateTime = 1593183976581, checksum = 3812442928, serialized key size = -1, serialized value size = 10, key = null, value = huiihuihui)
org.springframework.kafka.listener.ListenerExecutionFailedException: Listener method 'private void dyb.kafka.tool.kafka.listener.KafkaConsumerListenerDefault.listener(java.util.List<org.apache.kafka.clients.consumer.ConsumerRecord<java.lang.String, java.lang.String>>)' threw exception; nested exception is org.springframework.beans.factory.NoSuchBeanDefinitionException: No bean named 'abstractDataProcess' available
	at org.springframework.kafka.listener.adapter.MessagingMessageListenerAdapter.invokeHandler(MessagingMessageListenerAdapter.java:188)
	at org.springframework.kafka.listener.adapter.BatchMessagingMessageListenerAdapter.onMessage(BatchMessagingMessageListenerAdapter.java:118)
	at org.springframework.kafka.listener.adapter.BatchMessagingMessageListenerAdapter.onMessage(BatchMessagingMessageListenerAdapter.java:56)
	at org.springframework.kafka.listener.KafkaMessageListenerContainer$ListenerConsumer.invokeBatchListener(KafkaMessageListenerContainer.java:751)
	at org.springframework.kafka.listener.KafkaMessageListenerContainer$ListenerConsumer.invokeListener(KafkaMessageListenerContainer.java:735)
	at org.springframework.kafka.listener.KafkaMessageListenerContainer$ListenerConsumer.run(KafkaMessageListenerContainer.java:570)
	at java.util.concurrent.Executors$RunnableAdapter.call(Executors.java:511)
	at java.util.concurrent.FutureTask.run(FutureTask.java:266)
	at java.lang.Thread.run(Thread.java:748)
Caused by: org.springframework.beans.factory.NoSuchBeanDefinitionException: No bean named 'abstractDataProcess' available
	at org.springframework.beans.factory.support.DefaultListableBeanFactory.getBeanDefinition(DefaultListableBeanFactory.java:687)
	at org.springframework.beans.factory.support.AbstractBeanFactory.getMergedLocalBeanDefinition(AbstractBeanFactory.java:1207)
	at org.springframework.beans.factory.support.AbstractBeanFactory.doGetBean(AbstractBeanFactory.java:284)
	at org.springframework.beans.factory.support.AbstractBeanFactory.getBean(AbstractBeanFactory.java:197)
	at org.springframework.context.support.AbstractApplicationContext.getBean(AbstractApplicationContext.java:1078)
	at dyb.kafka.tool.util.SpringBeanUtil.getBeanByName(SpringBeanUtil.java:25)
	at dyb.kafka.tool.kafka.listener.KafkaConsumerListener.initProcess(KafkaConsumerListener.java:22)
	at dyb.kafka.tool.kafka.listener.KafkaConsumerListener.dataDeal(KafkaConsumerListener.java:35)
	at dyb.kafka.tool.kafka.listener.KafkaConsumerListenerDefault.listener(KafkaConsumerListenerDefault.java:19)
	at sun.reflect.NativeMethodAccessorImpl.invoke0(Native Method)
	at sun.reflect.NativeMethodAccessorImpl.invoke(NativeMethodAccessorImpl.java:62)
	at sun.reflect.DelegatingMethodAccessorImpl.invoke(DelegatingMethodAccessorImpl.java:43)
	at java.lang.reflect.Method.invoke(Method.java:498)
	at org.springframework.messaging.handler.invocation.InvocableHandlerMethod.doInvoke(InvocableHandlerMethod.java:180)
	at org.springframework.messaging.handler.invocation.InvocableHandlerMethod.invoke(InvocableHandlerMethod.java:112)
	at org.springframework.kafka.listener.adapter.HandlerAdapter.invoke(HandlerAdapter.java:48)
	at org.springframework.kafka.listener.adapter.MessagingMessageListenerAdapter.invokeHandler(MessagingMessageListenerAdapter.java:174)
	... 8 common frames omitted
2020-06-25 21:55:24.714 [org.springframework.kafka.KafkaListenerEndpointContainer#0-0-C-1] ERROR org.springframework.kafka.listener.BatchLoggingErrorHandler - Error while processing:
ConsumerRecord(topic = test1, partition = 0, offset = 1, CreateTime = 1593184253471, checksum = 4177598499, serialized key size = -1, serialized value size = 5, key = null, value = mikki)
org.springframework.kafka.listener.ListenerExecutionFailedException: Listener method 'private void dyb.kafka.tool.kafka.listener.KafkaConsumerListenerDefault.listener(java.util.List<org.apache.kafka.clients.consumer.ConsumerRecord<java.lang.String, java.lang.String>>)' threw exception; nested exception is org.springframework.beans.factory.NoSuchBeanDefinitionException: No bean named 'abstractDataProcess' available
	at org.springframework.kafka.listener.adapter.MessagingMessageListenerAdapter.invokeHandler(MessagingMessageListenerAdapter.java:188)
	at org.springframework.kafka.listener.adapter.BatchMessagingMessageListenerAdapter.onMessage(BatchMessagingMessageListenerAdapter.java:118)
	at org.springframework.kafka.listener.adapter.BatchMessagingMessageListenerAdapter.onMessage(BatchMessagingMessageListenerAdapter.java:56)
	at org.springframework.kafka.listener.KafkaMessageListenerContainer$ListenerConsumer.invokeBatchListener(KafkaMessageListenerContainer.java:751)
	at org.springframework.kafka.listener.KafkaMessageListenerContainer$ListenerConsumer.invokeListener(KafkaMessageListenerContainer.java:735)
	at org.springframework.kafka.listener.KafkaMessageListenerContainer$ListenerConsumer.run(KafkaMessageListenerContainer.java:570)
	at java.util.concurrent.Executors$RunnableAdapter.call(Executors.java:511)
	at java.util.concurrent.FutureTask.run(FutureTask.java:266)
	at java.lang.Thread.run(Thread.java:748)
Caused by: org.springframework.beans.factory.NoSuchBeanDefinitionException: No bean named 'abstractDataProcess' available
	at org.springframework.beans.factory.support.DefaultListableBeanFactory.getBeanDefinition(DefaultListableBeanFactory.java:687)
	at org.springframework.beans.factory.support.AbstractBeanFactory.getMergedLocalBeanDefinition(AbstractBeanFactory.java:1207)
	at org.springframework.beans.factory.support.AbstractBeanFactory.doGetBean(AbstractBeanFactory.java:284)
	at org.springframework.beans.factory.support.AbstractBeanFactory.getBean(AbstractBeanFactory.java:197)
	at org.springframework.context.support.AbstractApplicationContext.getBean(AbstractApplicationContext.java:1078)
	at dyb.kafka.tool.util.SpringBeanUtil.getBeanByName(SpringBeanUtil.java:28)
	at dyb.kafka.tool.kafka.listener.KafkaConsumerListener.initProcess(KafkaConsumerListener.java:22)
	at dyb.kafka.tool.kafka.listener.KafkaConsumerListener.dataDeal(KafkaConsumerListener.java:35)
	at dyb.kafka.tool.kafka.listener.KafkaConsumerListenerDefault.listener(KafkaConsumerListenerDefault.java:19)
	at sun.reflect.NativeMethodAccessorImpl.invoke0(Native Method)
	at sun.reflect.NativeMethodAccessorImpl.invoke(NativeMethodAccessorImpl.java:62)
	at sun.reflect.DelegatingMethodAccessorImpl.invoke(DelegatingMethodAccessorImpl.java:43)
	at java.lang.reflect.Method.invoke(Method.java:498)
	at org.springframework.messaging.handler.invocation.InvocableHandlerMethod.doInvoke(InvocableHandlerMethod.java:180)
	at org.springframework.messaging.handler.invocation.InvocableHandlerMethod.invoke(InvocableHandlerMethod.java:112)
	at org.springframework.kafka.listener.adapter.HandlerAdapter.invoke(HandlerAdapter.java:48)
	at org.springframework.kafka.listener.adapter.MessagingMessageListenerAdapter.invokeHandler(MessagingMessageListenerAdapter.java:174)
	... 8 common frames omitted
2020-06-25 21:56:04.182 [org.springframework.kafka.KafkaListenerEndpointContainer#0-0-C-1] ERROR org.springframework.kafka.listener.BatchLoggingErrorHandler - Error while processing:
ConsumerRecord(topic = test1, partition = 0, offset = 2, CreateTime = 1593184292929, checksum = 2132807461, serialized key size = -1, serialized value size = 4, key = null, value = kiki)
org.springframework.kafka.listener.ListenerExecutionFailedException: Listener method 'private void dyb.kafka.tool.kafka.listener.KafkaConsumerListenerDefault.listener(java.util.List<org.apache.kafka.clients.consumer.ConsumerRecord<java.lang.String, java.lang.String>>)' threw exception; nested exception is java.lang.ArrayIndexOutOfBoundsException: 0
	at org.springframework.kafka.listener.adapter.MessagingMessageListenerAdapter.invokeHandler(MessagingMessageListenerAdapter.java:188)
	at org.springframework.kafka.listener.adapter.BatchMessagingMessageListenerAdapter.onMessage(BatchMessagingMessageListenerAdapter.java:118)
	at org.springframework.kafka.listener.adapter.BatchMessagingMessageListenerAdapter.onMessage(BatchMessagingMessageListenerAdapter.java:56)
	at org.springframework.kafka.listener.KafkaMessageListenerContainer$ListenerConsumer.invokeBatchListener(KafkaMessageListenerContainer.java:751)
	at org.springframework.kafka.listener.KafkaMessageListenerContainer$ListenerConsumer.invokeListener(KafkaMessageListenerContainer.java:735)
	at org.springframework.kafka.listener.KafkaMessageListenerContainer$ListenerConsumer.run(KafkaMessageListenerContainer.java:570)
	at java.util.concurrent.Executors$RunnableAdapter.call(Executors.java:511)
	at java.util.concurrent.FutureTask.run(FutureTask.java:266)
	at java.lang.Thread.run(Thread.java:748)
Caused by: java.lang.ArrayIndexOutOfBoundsException: 0
	at dyb.kafka.tool.util.SpringBeanUtil.getBeanByName(SpringBeanUtil.java:27)
	at dyb.kafka.tool.kafka.listener.KafkaConsumerListener.initProcess(KafkaConsumerListener.java:22)
	at dyb.kafka.tool.kafka.listener.KafkaConsumerListener.dataDeal(KafkaConsumerListener.java:35)
	at dyb.kafka.tool.kafka.listener.KafkaConsumerListenerDefault.listener(KafkaConsumerListenerDefault.java:19)
	at sun.reflect.NativeMethodAccessorImpl.invoke0(Native Method)
	at sun.reflect.NativeMethodAccessorImpl.invoke(NativeMethodAccessorImpl.java:62)
	at sun.reflect.DelegatingMethodAccessorImpl.invoke(DelegatingMethodAccessorImpl.java:43)
	at java.lang.reflect.Method.invoke(Method.java:498)
	at org.springframework.messaging.handler.invocation.InvocableHandlerMethod.doInvoke(InvocableHandlerMethod.java:180)
	at org.springframework.messaging.handler.invocation.InvocableHandlerMethod.invoke(InvocableHandlerMethod.java:112)
	at org.springframework.kafka.listener.adapter.HandlerAdapter.invoke(HandlerAdapter.java:48)
	at org.springframework.kafka.listener.adapter.MessagingMessageListenerAdapter.invokeHandler(MessagingMessageListenerAdapter.java:174)
	... 8 common frames omitted
2020-06-25 21:58:16.528 [org.springframework.kafka.KafkaListenerEndpointContainer#0-0-C-1] ERROR org.springframework.kafka.listener.BatchLoggingErrorHandler - Error while processing:
ConsumerRecord(topic = test1, partition = 0, offset = 3, CreateTime = 1593184425284, checksum = 3200375298, serialized key size = -1, serialized value size = 7, key = null, value = ujhhjuj)
org.springframework.kafka.listener.ListenerExecutionFailedException: Listener method 'private void dyb.kafka.tool.kafka.listener.KafkaConsumerListenerDefault.listener(java.util.List<org.apache.kafka.clients.consumer.ConsumerRecord<java.lang.String, java.lang.String>>)' threw exception; nested exception is java.lang.ArrayIndexOutOfBoundsException: 0
	at org.springframework.kafka.listener.adapter.MessagingMessageListenerAdapter.invokeHandler(MessagingMessageListenerAdapter.java:188)
	at org.springframework.kafka.listener.adapter.BatchMessagingMessageListenerAdapter.onMessage(BatchMessagingMessageListenerAdapter.java:118)
	at org.springframework.kafka.listener.adapter.BatchMessagingMessageListenerAdapter.onMessage(BatchMessagingMessageListenerAdapter.java:56)
	at org.springframework.kafka.listener.KafkaMessageListenerContainer$ListenerConsumer.invokeBatchListener(KafkaMessageListenerContainer.java:751)
	at org.springframework.kafka.listener.KafkaMessageListenerContainer$ListenerConsumer.invokeListener(KafkaMessageListenerContainer.java:735)
	at org.springframework.kafka.listener.KafkaMessageListenerContainer$ListenerConsumer.run(KafkaMessageListenerContainer.java:570)
	at java.util.concurrent.Executors$RunnableAdapter.call(Executors.java:511)
	at java.util.concurrent.FutureTask.run(FutureTask.java:266)
	at java.lang.Thread.run(Thread.java:748)
Caused by: java.lang.ArrayIndexOutOfBoundsException: 0
	at dyb.kafka.tool.util.SpringBeanUtil.getBeanByName(SpringBeanUtil.java:27)
	at dyb.kafka.tool.kafka.listener.KafkaConsumerListener.initProcess(KafkaConsumerListener.java:22)
	at dyb.kafka.tool.kafka.listener.KafkaConsumerListener.dataDeal(KafkaConsumerListener.java:35)
	at dyb.kafka.tool.kafka.listener.KafkaConsumerListenerDefault.listener(KafkaConsumerListenerDefault.java:19)
	at sun.reflect.NativeMethodAccessorImpl.invoke0(Native Method)
	at sun.reflect.NativeMethodAccessorImpl.invoke(NativeMethodAccessorImpl.java:62)
	at sun.reflect.DelegatingMethodAccessorImpl.invoke(DelegatingMethodAccessorImpl.java:43)
	at java.lang.reflect.Method.invoke(Method.java:498)
	at org.springframework.messaging.handler.invocation.InvocableHandlerMethod.doInvoke(InvocableHandlerMethod.java:180)
	at org.springframework.messaging.handler.invocation.InvocableHandlerMethod.invoke(InvocableHandlerMethod.java:112)
	at org.springframework.kafka.listener.adapter.HandlerAdapter.invoke(HandlerAdapter.java:48)
	at org.springframework.kafka.listener.adapter.MessagingMessageListenerAdapter.invokeHandler(MessagingMessageListenerAdapter.java:174)
	... 8 common frames omitted
2020-06-25 21:59:17.504 [org.springframework.kafka.KafkaListenerEndpointContainer#0-0-C-1] ERROR org.springframework.kafka.listener.BatchLoggingErrorHandler - Error while processing:
ConsumerRecord(topic = test1, partition = 0, offset = 4, CreateTime = 1593184486266, checksum = 3823097898, serialized key size = -1, serialized value size = 5, key = null, value = jujmj)
org.springframework.kafka.listener.ListenerExecutionFailedException: Listener method 'private void dyb.kafka.tool.kafka.listener.KafkaConsumerListenerDefault.listener(java.util.List<org.apache.kafka.clients.consumer.ConsumerRecord<java.lang.String, java.lang.String>>)' threw exception; nested exception is org.springframework.beans.factory.NoSuchBeanDefinitionException: No bean named 'abstractDataProcess' available
	at org.springframework.kafka.listener.adapter.MessagingMessageListenerAdapter.invokeHandler(MessagingMessageListenerAdapter.java:188)
	at org.springframework.kafka.listener.adapter.BatchMessagingMessageListenerAdapter.onMessage(BatchMessagingMessageListenerAdapter.java:118)
	at org.springframework.kafka.listener.adapter.BatchMessagingMessageListenerAdapter.onMessage(BatchMessagingMessageListenerAdapter.java:56)
	at org.springframework.kafka.listener.KafkaMessageListenerContainer$ListenerConsumer.invokeBatchListener(KafkaMessageListenerContainer.java:751)
	at org.springframework.kafka.listener.KafkaMessageListenerContainer$ListenerConsumer.invokeListener(KafkaMessageListenerContainer.java:735)
	at org.springframework.kafka.listener.KafkaMessageListenerContainer$ListenerConsumer.run(KafkaMessageListenerContainer.java:570)
	at java.util.concurrent.Executors$RunnableAdapter.call(Executors.java:511)
	at java.util.concurrent.FutureTask.run(FutureTask.java:266)
	at java.lang.Thread.run(Thread.java:748)
Caused by: org.springframework.beans.factory.NoSuchBeanDefinitionException: No bean named 'abstractDataProcess' available
	at org.springframework.beans.factory.support.DefaultListableBeanFactory.getBeanDefinition(DefaultListableBeanFactory.java:687)
	at org.springframework.beans.factory.support.AbstractBeanFactory.getMergedLocalBeanDefinition(AbstractBeanFactory.java:1207)
	at org.springframework.beans.factory.support.AbstractBeanFactory.doGetBean(AbstractBeanFactory.java:284)
	at org.springframework.beans.factory.support.AbstractBeanFactory.getBean(AbstractBeanFactory.java:197)
	at org.springframework.context.support.AbstractApplicationContext.getBean(AbstractApplicationContext.java:1078)
	at dyb.kafka.tool.util.SpringBeanUtil.getBeanByName(SpringBeanUtil.java:28)
	at dyb.kafka.tool.kafka.listener.KafkaConsumerListener.initProcess(KafkaConsumerListener.java:22)
	at dyb.kafka.tool.kafka.listener.KafkaConsumerListener.dataDeal(KafkaConsumerListener.java:35)
	at dyb.kafka.tool.kafka.listener.KafkaConsumerListenerDefault.listener(KafkaConsumerListenerDefault.java:19)
	at sun.reflect.NativeMethodAccessorImpl.invoke0(Native Method)
	at sun.reflect.NativeMethodAccessorImpl.invoke(NativeMethodAccessorImpl.java:62)
	at sun.reflect.DelegatingMethodAccessorImpl.invoke(DelegatingMethodAccessorImpl.java:43)
	at java.lang.reflect.Method.invoke(Method.java:498)
	at org.springframework.messaging.handler.invocation.InvocableHandlerMethod.doInvoke(InvocableHandlerMethod.java:180)
	at org.springframework.messaging.handler.invocation.InvocableHandlerMethod.invoke(InvocableHandlerMethod.java:112)
	at org.springframework.kafka.listener.adapter.HandlerAdapter.invoke(HandlerAdapter.java:48)
	at org.springframework.kafka.listener.adapter.MessagingMessageListenerAdapter.invokeHandler(MessagingMessageListenerAdapter.java:174)
	... 8 common frames omitted
2020-06-25 22:02:11.051 [org.springframework.kafka.KafkaListenerEndpointContainer#0-0-C-1] ERROR org.springframework.kafka.listener.BatchLoggingErrorHandler - Error while processing:
ConsumerRecord(topic = test1, partition = 0, offset = 6, CreateTime = 1593184659813, checksum = 2386104057, serialized key size = -1, serialized value size = 4, key = null, value = mkmk)
org.springframework.kafka.listener.ListenerExecutionFailedException: Listener method 'private void dyb.kafka.tool.kafka.listener.KafkaConsumerListenerDefault.listener(java.util.List<org.apache.kafka.clients.consumer.ConsumerRecord<java.lang.String, java.lang.String>>)' threw exception; nested exception is org.springframework.beans.factory.NoSuchBeanDefinitionException: No bean named 'myProcessor' available
	at org.springframework.kafka.listener.adapter.MessagingMessageListenerAdapter.invokeHandler(MessagingMessageListenerAdapter.java:188)
	at org.springframework.kafka.listener.adapter.BatchMessagingMessageListenerAdapter.onMessage(BatchMessagingMessageListenerAdapter.java:118)
	at org.springframework.kafka.listener.adapter.BatchMessagingMessageListenerAdapter.onMessage(BatchMessagingMessageListenerAdapter.java:56)
	at org.springframework.kafka.listener.KafkaMessageListenerContainer$ListenerConsumer.invokeBatchListener(KafkaMessageListenerContainer.java:751)
	at org.springframework.kafka.listener.KafkaMessageListenerContainer$ListenerConsumer.invokeListener(KafkaMessageListenerContainer.java:735)
	at org.springframework.kafka.listener.KafkaMessageListenerContainer$ListenerConsumer.run(KafkaMessageListenerContainer.java:570)
	at java.util.concurrent.Executors$RunnableAdapter.call(Executors.java:511)
	at java.util.concurrent.FutureTask.run(FutureTask.java:266)
	at java.lang.Thread.run(Thread.java:748)
Caused by: org.springframework.beans.factory.NoSuchBeanDefinitionException: No bean named 'myProcessor' available
	at org.springframework.beans.factory.support.DefaultListableBeanFactory.getBeanDefinition(DefaultListableBeanFactory.java:687)
	at org.springframework.beans.factory.support.AbstractBeanFactory.getMergedLocalBeanDefinition(AbstractBeanFactory.java:1207)
	at org.springframework.beans.factory.support.AbstractBeanFactory.doGetBean(AbstractBeanFactory.java:284)
	at org.springframework.beans.factory.support.AbstractBeanFactory.getBean(AbstractBeanFactory.java:197)
	at org.springframework.context.support.AbstractApplicationContext.getBean(AbstractApplicationContext.java:1078)
	at dyb.kafka.tool.util.SpringBeanUtil.getBeanByName(SpringBeanUtil.java:27)
	at dyb.kafka.tool.kafka.listener.KafkaConsumerListener.initProcess(KafkaConsumerListener.java:24)
	at dyb.kafka.tool.kafka.listener.KafkaConsumerListener.dataDeal(KafkaConsumerListener.java:35)
	at dyb.kafka.tool.kafka.listener.KafkaConsumerListenerDefault.listener(KafkaConsumerListenerDefault.java:19)
	at sun.reflect.NativeMethodAccessorImpl.invoke0(Native Method)
	at sun.reflect.NativeMethodAccessorImpl.invoke(NativeMethodAccessorImpl.java:62)
	at sun.reflect.DelegatingMethodAccessorImpl.invoke(DelegatingMethodAccessorImpl.java:43)
	at java.lang.reflect.Method.invoke(Method.java:498)
	at org.springframework.messaging.handler.invocation.InvocableHandlerMethod.doInvoke(InvocableHandlerMethod.java:180)
	at org.springframework.messaging.handler.invocation.InvocableHandlerMethod.invoke(InvocableHandlerMethod.java:112)
	at org.springframework.kafka.listener.adapter.HandlerAdapter.invoke(HandlerAdapter.java:48)
	at org.springframework.kafka.listener.adapter.MessagingMessageListenerAdapter.invokeHandler(MessagingMessageListenerAdapter.java:174)
	... 8 common frames omitted
